Started GET "/about" for 127.0.0.1 at 2019-02-18 19:38:25 +0900
  
ActiveRecord::PendingMigrationError (

Migrations are pending. To resolve this issue, run:

        bin/rails db:migrate RAILS_ENV=development

):
  
activerecord (5.1.6) lib/active_record/migration.rb:576:in `check_pending!'
activerecord (5.1.6) lib/active_record/migration.rb:553:in `call'
actionpack (5.1.6) lib/action_dispatch/middleware/callbacks.rb:26:in `block in call'
activesupport (5.1.6) lib/active_support/callbacks.rb:97:in `run_callbacks'
actionpack (5.1.6) lib/action_dispatch/middleware/callbacks.rb:24:in `call'
actionpack (5.1.6) lib/action_dispatch/middleware/executor.rb:12:in `call'
actionpack (5.1.6) lib/action_dispatch/middleware/debug_exceptions.rb:59:in `call'
web-console (3.7.0) lib/web_console/middleware.rb:135:in `call_app'
web-console (3.7.0) lib/web_console/middleware.rb:30:in `block in call'
web-console (3.7.0) lib/web_console/middleware.rb:20:in `catch'
web-console (3.7.0) lib/web_console/middleware.rb:20:in `call'
actionpack (5.1.6) lib/action_dispatch/middleware/show_exceptions.rb:31:in `call'
railties (5.1.6) lib/rails/rack/logger.rb:36:in `call_app'
railties (5.1.6) lib/rails/rack/logger.rb:24:in `block in call'
activesupport (5.1.6) lib/active_support/tagged_logging.rb:69:in `block in tagged'
activesupport (5.1.6) lib/active_support/tagged_logging.rb:26:in `tagged'
activesupport (5.1.6) lib/active_support/tagged_logging.rb:69:in `tagged'
railties (5.1.6) lib/rails/rack/logger.rb:24:in `call'
sprockets-rails (3.2.1) lib/sprockets/rails/quiet_assets.rb:13:in `call'
actionpack (5.1.6) lib/action_dispatch/middleware/remote_ip.rb:79:in `call'
actionpack (5.1.6) lib/action_dispatch/middleware/request_id.rb:25:in `call'
rack (2.0.5) lib/rack/method_override.rb:22:in `call'
rack (2.0.5) lib/rack/runtime.rb:22:in `call'
activesupport (5.1.6) lib/active_support/cache/strategy/local_cache_middleware.rb:27:in `call'
actionpack (5.1.6) lib/action_dispatch/middleware/executor.rb:12:in `call'
actionpack (5.1.6) lib/action_dispatch/middleware/static.rb:125:in `call'
rack (2.0.5) lib/rack/sendfile.rb:111:in `call'
railties (5.1.6) lib/rails/engine.rb:522:in `call'
puma (3.12.0) lib/puma/configuration.rb:225:in `call'
puma (3.12.0) lib/puma/server.rb:658:in `handle_request'
puma (3.12.0) lib/puma/server.rb:472:in `process_client'
puma (3.12.0) lib/puma/server.rb:332:in `block in run'
puma (3.12.0) lib/puma/thread_pool.rb:133:in `block in spawn_thread'
  [1m[35m (0.1ms)[0m  [1m[34mSELECT sqlite_version(*)[0m
  [1m[35m (1.9ms)[0m  [1m[35mCREATE TABLE "schema_migrations" ("version" varchar NOT NULL PRIMARY KEY)[0m
  [1m[35m (1.4ms)[0m  [1m[35mCREATE TABLE "ar_internal_metadata" ("key" varchar NOT NULL PRIMARY KEY, "value" varchar, "created_at" datetime NOT NULL, "updated_at" datetime NOT NULL)[0m
  [1m[35m (0.2ms)[0m  [1m[34mSELECT "schema_migrations"."version" FROM "schema_migrations" ORDER BY "schema_migrations"."version" ASC[0m
Migrating to CreatePosts (20181006223740)
  [1m[35m (0.1ms)[0m  [1m[36mbegin transaction[0m
  [1m[35m (0.4ms)[0m  [1m[35mCREATE TABLE "posts" ("id" INTEGER PRIMARY KEY AUTOINCREMENT NOT NULL, "title" varchar, "description" text, "created_at" datetime NOT NULL, "updated_at" datetime NOT NULL)[0m
  [1m[35mSQL (0.2ms)[0m  [1m[32mINSERT INTO "schema_migrations" ("version") VALUES (?)[0m  [["version", "20181006223740"]]
  [1m[35m (0.7ms)[0m  [1m[36mcommit transaction[0m
Migrating to AddImageToPosts (20181006230658)
  [1m[35m (0.1ms)[0m  [1m[36mbegin transaction[0m
  [1m[35m (0.3ms)[0m  [1m[35mALTER TABLE "posts" ADD "image" varchar[0m
  [1m[35mSQL (0.3ms)[0m  [1m[32mINSERT INTO "schema_migrations" ("version") VALUES (?)[0m  [["version", "20181006230658"]]
  [1m[35m (0.6ms)[0m  [1m[36mcommit transaction[0m
Migrating to DeviseCreateUsers (20181007003244)
  [1m[35m (0.5ms)[0m  [1m[36mbegin transaction[0m
  [1m[35m (0.5ms)[0m  [1m[35mCREATE TABLE "users" ("id" INTEGER PRIMARY KEY AUTOINCREMENT NOT NULL, "email" varchar DEFAULT '' NOT NULL, "encrypted_password" varchar DEFAULT '' NOT NULL, "reset_password_token" varchar, "reset_password_sent_at" datetime, "remember_created_at" datetime, "created_at" datetime NOT NULL, "updated_at" datetime NOT NULL)[0m
  [1m[35m (0.1ms)[0m  [1m[35mCREATE UNIQUE INDEX "index_users_on_email" ON "users" ("email")[0m
  [1m[35m (0.0ms)[0m  [1m[34m            SELECT sql
            FROM sqlite_master
            WHERE name='index_users_on_email' AND type='index'
            UNION ALL
            SELECT sql
            FROM sqlite_temp_master
            WHERE name='index_users_on_email' AND type='index'
[0m
  [1m[35m (0.1ms)[0m  [1m[35mCREATE UNIQUE INDEX "index_users_on_reset_password_token" ON "users" ("reset_password_token")[0m
  [1m[35mSQL (0.1ms)[0m  [1m[32mINSERT INTO "schema_migrations" ("version") VALUES (?)[0m  [["version", "20181007003244"]]
  [1m[35m (0.7ms)[0m  [1m[36mcommit transaction[0m
Migrating to AddUserIdToPosts (20181007005305)
  [1m[35m (0.1ms)[0m  [1m[36mbegin transaction[0m
  [1m[35m (0.5ms)[0m  [1m[35mALTER TABLE "posts" ADD "user_id" integer[0m
  [1m[35mSQL (0.2ms)[0m  [1m[32mINSERT INTO "schema_migrations" ("version") VALUES (?)[0m  [["version", "20181007005305"]]
  [1m[35m (0.6ms)[0m  [1m[36mcommit transaction[0m
Migrating to AddUsernameToUsers (20181007010505)
  [1m[35m (0.1ms)[0m  [1m[36mbegin transaction[0m
  [1m[35m (0.5ms)[0m  [1m[35mALTER TABLE "users" ADD "username" varchar[0m
  [1m[35mSQL (0.1ms)[0m  [1m[32mINSERT INTO "schema_migrations" ("version") VALUES (?)[0m  [["version", "20181007010505"]]
  [1m[35m (0.6ms)[0m  [1m[36mcommit transaction[0m
Migrating to CreateComments (20181007020641)
  [1m[35m (0.4ms)[0m  [1m[36mbegin transaction[0m
  [1m[35m (0.3ms)[0m  [1m[35mCREATE TABLE "comments" ("id" INTEGER PRIMARY KEY AUTOINCREMENT NOT NULL, "content" text, "post_id" integer, "user_id" integer, "created_at" datetime NOT NULL, "updated_at" datetime NOT NULL, CONSTRAINT "fk_rails_2fd19c0db7"
FOREIGN KEY ("post_id")
  REFERENCES "posts" ("id")
, CONSTRAINT "fk_rails_03de2dc08c"
FOREIGN KEY ("user_id")
  REFERENCES "users" ("id")
)[0m
  [1m[35m (0.1ms)[0m  [1m[35mCREATE  INDEX "index_comments_on_post_id" ON "comments" ("post_id")[0m
  [1m[35m (0.0ms)[0m  [1m[34m            SELECT sql
            FROM sqlite_master
            WHERE name='index_comments_on_post_id' AND type='index'
            UNION ALL
            SELECT sql
            FROM sqlite_temp_master
            WHERE name='index_comments_on_post_id' AND type='index'
[0m
  [1m[35m (0.1ms)[0m  [1m[35mCREATE  INDEX "index_comments_on_user_id" ON "comments" ("user_id")[0m
  [1m[35mSQL (0.5ms)[0m  [1m[32mINSERT INTO "schema_migrations" ("version") VALUES (?)[0m  [["version", "20181007020641"]]
  [1m[35m (0.7ms)[0m  [1m[36mcommit transaction[0m
Migrating to CreateLikes (20181008005400)
  [1m[35m (0.1ms)[0m  [1m[36mbegin transaction[0m
  [1m[35m (1.1ms)[0m  [1m[35mCREATE TABLE "likes" ("id" INTEGER PRIMARY KEY AUTOINCREMENT NOT NULL, "user_id" integer, "post_id" integer, "created_at" datetime NOT NULL, "updated_at" datetime NOT NULL)[0m
  [1m[35mSQL (0.2ms)[0m  [1m[32mINSERT INTO "schema_migrations" ("version") VALUES (?)[0m  [["version", "20181008005400"]]
  [1m[35m (0.8ms)[0m  [1m[36mcommit transaction[0m
Migrating to AddUserImageToUsers (20181008112625)
  [1m[35m (0.1ms)[0m  [1m[36mbegin transaction[0m
  [1m[35m (0.5ms)[0m  [1m[35mALTER TABLE "users" ADD "user_image" varchar[0m
  [1m[35mSQL (0.3ms)[0m  [1m[32mINSERT INTO "schema_migrations" ("version") VALUES (?)[0m  [["version", "20181008112625"]]
  [1m[35m (1.2ms)[0m  [1m[36mcommit transaction[0m
Migrating to AddLikesCountToPosts (20181014060215)
  [1m[35m (0.1ms)[0m  [1m[36mbegin transaction[0m
  [1m[35m (0.4ms)[0m  [1m[35mALTER TABLE "posts" ADD "likes_count" int DEFAULT 0[0m
  [1m[35mSQL (0.1ms)[0m  [1m[32mINSERT INTO "schema_migrations" ("version") VALUES (?)[0m  [["version", "20181014060215"]]
  [1m[35m (0.6ms)[0m  [1m[36mcommit transaction[0m
Migrating to CreateVotes (20181015093243)
  [1m[35m (0.1ms)[0m  [1m[36mbegin transaction[0m
  [1m[35m (0.6ms)[0m  [1m[35mCREATE TABLE "votes" ("id" INTEGER PRIMARY KEY AUTOINCREMENT NOT NULL, "user_id" integer, "comment_id" integer, "created_at" datetime NOT NULL, "updated_at" datetime NOT NULL)[0m
  [1m[35mSQL (0.2ms)[0m  [1m[32mINSERT INTO "schema_migrations" ("version") VALUES (?)[0m  [["version", "20181015093243"]]
  [1m[35m (1.8ms)[0m  [1m[36mcommit transaction[0m
Migrating to AddVotesCountToComments (20181015100106)
  [1m[35m (0.1ms)[0m  [1m[36mbegin transaction[0m
  [1m[35m (0.6ms)[0m  [1m[35mALTER TABLE "comments" ADD "votes_count" int DEFAULT 0[0m
  [1m[35mSQL (0.2ms)[0m  [1m[32mINSERT INTO "schema_migrations" ("version") VALUES (?)[0m  [["version", "20181015100106"]]
  [1m[35m (0.7ms)[0m  [1m[36mcommit transaction[0m
Migrating to CreateCategories (20181028032537)
  [1m[35m (0.1ms)[0m  [1m[36mbegin transaction[0m
  [1m[35m (0.5ms)[0m  [1m[35mCREATE TABLE "categories" ("id" INTEGER PRIMARY KEY AUTOINCREMENT NOT NULL, "name" varchar, "created_at" datetime NOT NULL, "updated_at" datetime NOT NULL)[0m
  [1m[35mSQL (0.1ms)[0m  [1m[32mINSERT INTO "schema_migrations" ("version") VALUES (?)[0m  [["version", "20181028032537"]]
  [1m[35m (0.6ms)[0m  [1m[36mcommit transaction[0m
Migrating to AddCategoryIdToPosts (20181028032714)
  [1m[35m (0.1ms)[0m  [1m[36mbegin transaction[0m
  [1m[35m (0.5ms)[0m  [1m[35mALTER TABLE "posts" ADD "category_id" integer[0m
  [1m[35mSQL (0.2ms)[0m  [1m[32mINSERT INTO "schema_migrations" ("version") VALUES (?)[0m  [["version", "20181028032714"]]
  [1m[35m (0.6ms)[0m  [1m[36mcommit transaction[0m
Migrating to AddAdminToUsers (20181028132538)
  [1m[35m (0.1ms)[0m  [1m[36mbegin transaction[0m
  [1m[35m (0.4ms)[0m  [1m[35mALTER TABLE "users" ADD "admin" boolean DEFAULT 'f'[0m
  [1m[35mSQL (0.2ms)[0m  [1m[32mINSERT INTO "schema_migrations" ("version") VALUES (?)[0m  [["version", "20181028132538"]]
  [1m[35m (0.6ms)[0m  [1m[36mcommit transaction[0m
Migrating to AddDeletedAtToUsers (20181103182544)
  [1m[35m (0.1ms)[0m  [1m[36mbegin transaction[0m
  [1m[35m (0.4ms)[0m  [1m[35mALTER TABLE "users" ADD "deleted_at" datetime[0m
  [1m[35m (0.1ms)[0m  [1m[34m            SELECT sql
            FROM sqlite_master
            WHERE name='index_users_on_reset_password_token' AND type='index'
            UNION ALL
            SELECT sql
            FROM sqlite_temp_master
            WHERE name='index_users_on_reset_password_token' AND type='index'
[0m
  [1m[35m (0.0ms)[0m  [1m[34m            SELECT sql
            FROM sqlite_master
            WHERE name='index_users_on_email' AND type='index'
            UNION ALL
            SELECT sql
            FROM sqlite_temp_master
            WHERE name='index_users_on_email' AND type='index'
[0m
  [1m[35m (0.1ms)[0m  [1m[35mCREATE  INDEX "index_users_on_deleted_at" ON "users" ("deleted_at")[0m
  [1m[35mSQL (0.1ms)[0m  [1m[32mINSERT INTO "schema_migrations" ("version") VALUES (?)[0m  [["version", "20181103182544"]]
  [1m[35m (0.7ms)[0m  [1m[36mcommit transaction[0m
Migrating to ChangeIndexToUsers (20181108054735)
  [1m[35m (0.1ms)[0m  [1m[36mbegin transaction[0m
  [1m[35m (0.1ms)[0m  [1m[34m            SELECT sql
            FROM sqlite_master
            WHERE name='index_users_on_deleted_at' AND type='index'
            UNION ALL
            SELECT sql
            FROM sqlite_temp_master
            WHERE name='index_users_on_deleted_at' AND type='index'
[0m
  [1m[35m (0.1ms)[0m  [1m[34m            SELECT sql
            FROM sqlite_master
            WHERE name='index_users_on_reset_password_token' AND type='index'
            UNION ALL
            SELECT sql
            FROM sqlite_temp_master
            WHERE name='index_users_on_reset_password_token' AND type='index'
[0m
  [1m[35m (0.1ms)[0m  [1m[34m            SELECT sql
            FROM sqlite_master
            WHERE name='index_users_on_email' AND type='index'
            UNION ALL
            SELECT sql
            FROM sqlite_temp_master
            WHERE name='index_users_on_email' AND type='index'
[0m
  [1m[35m (0.2ms)[0m  [1m[35mDROP INDEX "index_users_on_email"[0m
  [1m[35m (0.1ms)[0m  [1m[34m            SELECT sql
            FROM sqlite_master
            WHERE name='index_users_on_deleted_at' AND type='index'
            UNION ALL
            SELECT sql
            FROM sqlite_temp_master
            WHERE name='index_users_on_deleted_at' AND type='index'
[0m
  [1m[35m (0.1ms)[0m  [1m[34m            SELECT sql
            FROM sqlite_master
            WHERE name='index_users_on_reset_password_token' AND type='index'
            UNION ALL
            SELECT sql
            FROM sqlite_temp_master
            WHERE name='index_users_on_reset_password_token' AND type='index'
[0m
  [1m[35m (0.1ms)[0m  [1m[35mCREATE UNIQUE INDEX "index_users_on_email" ON "users" ("email") WHERE deleted_at IS NULL[0m
  [1m[35mSQL (0.2ms)[0m  [1m[32mINSERT INTO "schema_migrations" ("version") VALUES (?)[0m  [["version", "20181108054735"]]
  [1m[35m (1.0ms)[0m  [1m[36mcommit transaction[0m
Migrating to AddFieldsToPosts (20190105225807)
  [1m[35m (0.1ms)[0m  [1m[36mbegin transaction[0m
  [1m[35m (0.5ms)[0m  [1m[35mALTER TABLE "posts" ADD "title_jp" varchar[0m
  [1m[35m (0.2ms)[0m  [1m[35mALTER TABLE "posts" ADD "description_jp" text[0m
  [1m[35mSQL (0.2ms)[0m  [1m[32mINSERT INTO "schema_migrations" ("version") VALUES (?)[0m  [["version", "20190105225807"]]
  [1m[35m (0.9ms)[0m  [1m[36mcommit transaction[0m
Migrating to CreateExtraimgs (20190124100257)
  [1m[35m (2.5ms)[0m  [1m[36mbegin transaction[0m
  [1m[35m (0.4ms)[0m  [1m[35mCREATE TABLE "extraimgs" ("id" INTEGER PRIMARY KEY AUTOINCREMENT NOT NULL, "extraimg_name" varchar, "extraimage" varchar, "description" text, "post_id" integer, "created_at" datetime NOT NULL, "updated_at" datetime NOT NULL, CONSTRAINT "fk_rails_efe78e3d43"
FOREIGN KEY ("post_id")
  REFERENCES "posts" ("id")
)[0m
  [1m[35m (0.1ms)[0m  [1m[35mCREATE  INDEX "index_extraimgs_on_post_id" ON "extraimgs" ("post_id")[0m
  [1m[35mSQL (0.1ms)[0m  [1m[32mINSERT INTO "schema_migrations" ("version") VALUES (?)[0m  [["version", "20190124100257"]]
  [1m[35m (0.8ms)[0m  [1m[36mcommit transaction[0m
Migrating to CreateInfoimgs (20190124100328)
  [1m[35m (0.1ms)[0m  [1m[36mbegin transaction[0m
  [1m[35m (1.4ms)[0m  [1m[35mCREATE TABLE "infoimgs" ("id" INTEGER PRIMARY KEY AUTOINCREMENT NOT NULL, "infoimg_name" varchar, "infoimage" varchar, "description" text, "post_id" integer, "created_at" datetime NOT NULL, "updated_at" datetime NOT NULL, CONSTRAINT "fk_rails_90c75c2cd5"
FOREIGN KEY ("post_id")
  REFERENCES "posts" ("id")
)[0m
  [1m[35m (0.2ms)[0m  [1m[35mCREATE  INDEX "index_infoimgs_on_post_id" ON "infoimgs" ("post_id")[0m
  [1m[35mSQL (0.2ms)[0m  [1m[32mINSERT INTO "schema_migrations" ("version") VALUES (?)[0m  [["version", "20190124100328"]]
  [1m[35m (0.8ms)[0m  [1m[36mcommit transaction[0m
Migrating to RenameDescriptionColumnToExtraimgs (20190124101846)
  [1m[35m (0.1ms)[0m  [1m[36mbegin transaction[0m
  [1m[35m (0.1ms)[0m  [1m[35mCREATE TEMPORARY TABLE "aextraimgs" ("id" integer NOT NULL PRIMARY KEY, "extraimg_name" varchar DEFAULT NULL, "extraimage" varchar DEFAULT NULL, "extraimg_description" text DEFAULT NULL, "post_id" integer DEFAULT NULL, "created_at" datetime NOT NULL, "updated_at" datetime NOT NULL)[0m
  [1m[35m (0.1ms)[0m  [1m[34m            SELECT sql
            FROM sqlite_master
            WHERE name='index_extraimgs_on_post_id' AND type='index'
            UNION ALL
            SELECT sql
            FROM sqlite_temp_master
            WHERE name='index_extraimgs_on_post_id' AND type='index'
[0m
  [1m[35m (0.1ms)[0m  [1m[35mCREATE  INDEX "tindex_aextraimgs_on_post_id" ON "aextraimgs" ("post_id")[0m
  [1m[35m (0.1ms)[0m  [1m[32mINSERT INTO "aextraimgs" ("id","extraimg_name","extraimage","extraimg_description","post_id","created_at","updated_at")
                     SELECT "id","extraimg_name","extraimage","description","post_id","created_at","updated_at" FROM "extraimgs"[0m
  [1m[35m (0.3ms)[0m  [1m[35mDROP TABLE "extraimgs"[0m
  [1m[35m (0.1ms)[0m  [1m[35mCREATE TABLE "extraimgs" ("id" integer NOT NULL PRIMARY KEY, "extraimg_name" varchar DEFAULT NULL, "extraimage" varchar DEFAULT NULL, "extraimg_description" text DEFAULT NULL, "post_id" integer DEFAULT NULL, "created_at" datetime NOT NULL, "updated_at" datetime NOT NULL)[0m
  [1m[35m (0.1ms)[0m  [1m[34m            SELECT sql
            FROM sqlite_master
            WHERE name='tindex_aextraimgs_on_post_id' AND type='index'
            UNION ALL
            SELECT sql
            FROM sqlite_temp_master
            WHERE name='tindex_aextraimgs_on_post_id' AND type='index'
[0m
  [1m[35m (0.1ms)[0m  [1m[35mCREATE  INDEX "index_extraimgs_on_post_id" ON "extraimgs" ("post_id")[0m
  [1m[35m (0.1ms)[0m  [1m[32mINSERT INTO "extraimgs" ("id","extraimg_name","extraimage","extraimg_description","post_id","created_at","updated_at")
                     SELECT "id","extraimg_name","extraimage","extraimg_description","post_id","created_at","updated_at" FROM "aextraimgs"[0m
  [1m[35m (0.1ms)[0m  [1m[35mDROP TABLE "aextraimgs"[0m
  [1m[35m (0.1ms)[0m  [1m[34m            SELECT sql
            FROM sqlite_master
            WHERE name='index_extraimgs_on_post_id' AND type='index'
            UNION ALL
            SELECT sql
            FROM sqlite_temp_master
            WHERE name='index_extraimgs_on_post_id' AND type='index'
[0m
  [1m[35mSQL (0.1ms)[0m  [1m[32mINSERT INTO "schema_migrations" ("version") VALUES (?)[0m  [["version", "20190124101846"]]
  [1m[35m (0.8ms)[0m  [1m[36mcommit transaction[0m
Migrating to RenameDescriptionColumnToInfoimgs (20190124102126)
  [1m[35m (0.1ms)[0m  [1m[36mbegin transaction[0m
  [1m[35m (0.2ms)[0m  [1m[35mCREATE TEMPORARY TABLE "ainfoimgs" ("id" integer NOT NULL PRIMARY KEY, "infoimg_name" varchar DEFAULT NULL, "infoimage" varchar DEFAULT NULL, "infoimg_description" text DEFAULT NULL, "post_id" integer DEFAULT NULL, "created_at" datetime NOT NULL, "updated_at" datetime NOT NULL)[0m
  [1m[35m (0.1ms)[0m  [1m[34m            SELECT sql
            FROM sqlite_master
            WHERE name='index_infoimgs_on_post_id' AND type='index'
            UNION ALL
            SELECT sql
            FROM sqlite_temp_master
            WHERE name='index_infoimgs_on_post_id' AND type='index'
[0m
  [1m[35m (0.1ms)[0m  [1m[35mCREATE  INDEX "tindex_ainfoimgs_on_post_id" ON "ainfoimgs" ("post_id")[0m
  [1m[35m (0.0ms)[0m  [1m[32mINSERT INTO "ainfoimgs" ("id","infoimg_name","infoimage","infoimg_description","post_id","created_at","updated_at")
                     SELECT "id","infoimg_name","infoimage","description","post_id","created_at","updated_at" FROM "infoimgs"[0m
  [1m[35m (0.3ms)[0m  [1m[35mDROP TABLE "infoimgs"[0m
  [1m[35m (0.1ms)[0m  [1m[35mCREATE TABLE "infoimgs" ("id" integer NOT NULL PRIMARY KEY, "infoimg_name" varchar DEFAULT NULL, "infoimage" varchar DEFAULT NULL, "infoimg_description" text DEFAULT NULL, "post_id" integer DEFAULT NULL, "created_at" datetime NOT NULL, "updated_at" datetime NOT NULL)[0m
  [1m[35m (0.0ms)[0m  [1m[34m            SELECT sql
            FROM sqlite_master
            WHERE name='tindex_ainfoimgs_on_post_id' AND type='index'
            UNION ALL
            SELECT sql
            FROM sqlite_temp_master
            WHERE name='tindex_ainfoimgs_on_post_id' AND type='index'
[0m
  [1m[35m (0.1ms)[0m  [1m[35mCREATE  INDEX "index_infoimgs_on_post_id" ON "infoimgs" ("post_id")[0m
  [1m[35m (0.1ms)[0m  [1m[32mINSERT INTO "infoimgs" ("id","infoimg_name","infoimage","infoimg_description","post_id","created_at","updated_at")
                     SELECT "id","infoimg_name","infoimage","infoimg_description","post_id","created_at","updated_at" FROM "ainfoimgs"[0m
  [1m[35m (0.1ms)[0m  [1m[35mDROP TABLE "ainfoimgs"[0m
  [1m[35m (0.0ms)[0m  [1m[34m            SELECT sql
            FROM sqlite_master
            WHERE name='index_infoimgs_on_post_id' AND type='index'
            UNION ALL
            SELECT sql
            FROM sqlite_temp_master
            WHERE name='index_infoimgs_on_post_id' AND type='index'
[0m
  [1m[35mSQL (0.1ms)[0m  [1m[32mINSERT INTO "schema_migrations" ("version") VALUES (?)[0m  [["version", "20190124102126"]]
  [1m[35m (0.6ms)[0m  [1m[36mcommit transaction[0m
Migrating to AddMedpurposeColumnsToPosts (20190127041237)
  [1m[35m (0.1ms)[0m  [1m[36mbegin transaction[0m
  [1m[35m (0.4ms)[0m  [1m[35mALTER TABLE "posts" ADD "med_purpose" text[0m
  [1m[35m (0.2ms)[0m  [1m[35mALTER TABLE "posts" ADD "medical_type" varchar[0m
  [1m[35m (0.2ms)[0m  [1m[35mALTER TABLE "posts" ADD "indication" text[0m
  [1m[35mSQL (0.2ms)[0m  [1m[32mINSERT INTO "schema_migrations" ("version") VALUES (?)[0m  [["version", "20190127041237"]]
  [1m[35m (0.8ms)[0m  [1m[36mcommit transaction[0m
Migrating to AddAttnsColumnsToPosts (20190128094650)
  [1m[35m (0.0ms)[0m  [1m[36mbegin transaction[0m
  [1m[35m (0.4ms)[0m  [1m[35mALTER TABLE "posts" ADD "attn_large" text[0m
  [1m[35m (0.1ms)[0m  [1m[35mALTER TABLE "posts" ADD "attn_bold" text[0m
  [1m[35m (0.1ms)[0m  [1m[35mALTER TABLE "posts" ADD "attn_regular" text[0m
  [1m[35m (0.1ms)[0m  [1m[35mALTER TABLE "posts" ADD "attn_red" text[0m
  [1m[35mSQL (0.1ms)[0m  [1m[32mINSERT INTO "schema_migrations" ("version") VALUES (?)[0m  [["version", "20190128094650"]]
  [1m[35m (0.7ms)[0m  [1m[36mcommit transaction[0m
Migrating to AddActiveIngredientsFieldsToPosts (20190128113006)
  [1m[35m (0.0ms)[0m  [1m[36mbegin transaction[0m
  [1m[35m (0.6ms)[0m  [1m[35mALTER TABLE "posts" ADD "active_large" text[0m
  [1m[35m (0.2ms)[0m  [1m[35mALTER TABLE "posts" ADD "active_regular" text[0m
  [1m[35m (0.2ms)[0m  [1m[35mALTER TABLE "posts" ADD "active_red" text[0m
  [1m[35m (0.3ms)[0m  [1m[35mALTER TABLE "posts" ADD "dose" varchar[0m
  [1m[35mSQL (0.2ms)[0m  [1m[32mINSERT INTO "schema_migrations" ("version") VALUES (?)[0m  [["version", "20190128113006"]]
  [1m[35m (0.7ms)[0m  [1m[36mcommit transaction[0m
Migrating to AddIngredientsFieldsToPosts (20190129094008)
  [1m[35m (0.1ms)[0m  [1m[36mbegin transaction[0m
  [1m[35m (0.5ms)[0m  [1m[35mALTER TABLE "posts" ADD "inactive_regular" text[0m
  [1m[35m (0.6ms)[0m  [1m[35mALTER TABLE "posts" ADD "inactive_bold" text[0m
  [1m[35m (0.2ms)[0m  [1m[35mALTER TABLE "posts" ADD "inactive_red" text[0m
  [1m[35m (0.2ms)[0m  [1m[35mALTER TABLE "posts" ADD "instructions_regular" text[0m
  [1m[35m (0.2ms)[0m  [1m[35mALTER TABLE "posts" ADD "instructions_bold" text[0m
  [1m[35m (0.2ms)[0m  [1m[35mALTER TABLE "posts" ADD "instructions_red" text[0m
  [1m[35m (0.1ms)[0m  [1m[35mALTER TABLE "posts" ADD "other_info_regular" text[0m
  [1m[35m (0.1ms)[0m  [1m[35mALTER TABLE "posts" ADD "other_info_bold" text[0m
  [1m[35m (0.1ms)[0m  [1m[35mALTER TABLE "posts" ADD "other_info_red" text[0m
  [1m[35mSQL (0.1ms)[0m  [1m[32mINSERT INTO "schema_migrations" ("version") VALUES (?)[0m  [["version", "20190129094008"]]
  [1m[35m (0.8ms)[0m  [1m[36mcommit transaction[0m
Migrating to AddLinksToPosts (20190129104344)
  [1m[35m (0.0ms)[0m  [1m[36mbegin transaction[0m
  [1m[35m (0.4ms)[0m  [1m[35mALTER TABLE "posts" ADD "link_note" text[0m
  [1m[35m (0.2ms)[0m  [1m[35mALTER TABLE "posts" ADD "en_source" text[0m
  [1m[35m (0.2ms)[0m  [1m[35mALTER TABLE "posts" ADD "jp_source" text[0m
  [1m[35m (0.2ms)[0m  [1m[35mALTER TABLE "posts" ADD "en_pdf" text[0m
  [1m[35m (0.2ms)[0m  [1m[35mALTER TABLE "posts" ADD "jp_pdf" text[0m
  [1m[35m (0.2ms)[0m  [1m[35mALTER TABLE "posts" ADD "en_precautions" varchar[0m
  [1m[35mSQL (0.4ms)[0m  [1m[32mINSERT INTO "schema_migrations" ("version") VALUES (?)[0m  [["version", "20190129104344"]]
  [1m[35m (0.9ms)[0m  [1m[36mcommit transaction[0m
Migrating to CreateContacts (20190205092305)
  [1m[35m (0.1ms)[0m  [1m[36mbegin transaction[0m
  [1m[35m (0.5ms)[0m  [1m[35mCREATE TABLE "contacts" ("id" INTEGER PRIMARY KEY AUTOINCREMENT NOT NULL, "name" varchar, "email" varchar, "message" text, "created_at" datetime NOT NULL, "updated_at" datetime NOT NULL)[0m
  [1m[35mSQL (0.1ms)[0m  [1m[32mINSERT INTO "schema_migrations" ("version") VALUES (?)[0m  [["version", "20190205092305"]]
  [1m[35m (0.8ms)[0m  [1m[36mcommit transaction[0m
Migrating to AddPrecautionColumnsToCategories (20190211034059)
  [1m[35m (0.0ms)[0m  [1m[36mbegin transaction[0m
  [1m[35m (0.4ms)[0m  [1m[35mALTER TABLE "categories" ADD "precaution_bold" text[0m
  [1m[35m (0.1ms)[0m  [1m[35mALTER TABLE "categories" ADD "precaution_red" text[0m
  [1m[35m (0.2ms)[0m  [1m[35mALTER TABLE "categories" ADD "precaution_large" text[0m
  [1m[35mSQL (0.1ms)[0m  [1m[32mINSERT INTO "schema_migrations" ("version") VALUES (?)[0m  [["version", "20190211034059"]]
  [1m[35m (0.7ms)[0m  [1m[36mcommit transaction[0m
Migrating to AddBlurbColumnsToCategories (20190211064053)
  [1m[35m (0.0ms)[0m  [1m[36mbegin transaction[0m
  [1m[35m (0.4ms)[0m  [1m[35mALTER TABLE "categories" ADD "blurb" text[0m
  [1m[35m (0.1ms)[0m  [1m[35mALTER TABLE "categories" ADD "image" varchar[0m
  [1m[35mSQL (0.1ms)[0m  [1m[32mINSERT INTO "schema_migrations" ("version") VALUES (?)[0m  [["version", "20190211064053"]]
  [1m[35m (0.7ms)[0m  [1m[36mcommit transaction[0m
  [1m[36mActiveRecord::InternalMetadata Load (0.2ms)[0m  [1m[34mSELECT  "ar_internal_metadata".* FROM "ar_internal_metadata" WHERE "ar_internal_metadata"."key" = ? LIMIT ?[0m  [["key", "environment"], ["LIMIT", 1]]
  [1m[35m (0.1ms)[0m  [1m[36mbegin transaction[0m
  [1m[35mSQL (0.5ms)[0m  [1m[32mINSERT INTO "ar_internal_metadata" ("key", "value", "created_at", "updated_at") VALUES (?, ?, ?, ?)[0m  [["key", "environment"], ["value", "development"], ["created_at", "2019-02-18 10:38:37.333641"], ["updated_at", "2019-02-18 10:38:37.333641"]]
  [1m[35m (0.7ms)[0m  [1m[36mcommit transaction[0m
  [1m[35m (0.1ms)[0m  [1m[34mSELECT "schema_migrations"."version" FROM "schema_migrations" ORDER BY "schema_migrations"."version" ASC[0m
  [1m[35m (0.2ms)[0m  [1m[34m            SELECT sql
            FROM sqlite_master
            WHERE name='index_comments_on_user_id' AND type='index'
            UNION ALL
            SELECT sql
            FROM sqlite_temp_master
            WHERE name='index_comments_on_user_id' AND type='index'
[0m
  [1m[35m (0.1ms)[0m  [1m[34m            SELECT sql
            FROM sqlite_master
            WHERE name='index_comments_on_post_id' AND type='index'
            UNION ALL
            SELECT sql
            FROM sqlite_temp_master
            WHERE name='index_comments_on_post_id' AND type='index'
[0m
  [1m[35m (0.1ms)[0m  [1m[34m            SELECT sql
            FROM sqlite_master
            WHERE name='index_extraimgs_on_post_id' AND type='index'
            UNION ALL
            SELECT sql
            FROM sqlite_temp_master
            WHERE name='index_extraimgs_on_post_id' AND type='index'
[0m
  [1m[35m (0.1ms)[0m  [1m[34m            SELECT sql
            FROM sqlite_master
            WHERE name='index_infoimgs_on_post_id' AND type='index'
            UNION ALL
            SELECT sql
            FROM sqlite_temp_master
            WHERE name='index_infoimgs_on_post_id' AND type='index'
[0m
  [1m[35m (0.1ms)[0m  [1m[34m            SELECT sql
            FROM sqlite_master
            WHERE name='index_users_on_email' AND type='index'
            UNION ALL
            SELECT sql
            FROM sqlite_temp_master
            WHERE name='index_users_on_email' AND type='index'
[0m
  [1m[35m (0.1ms)[0m  [1m[34m            SELECT sql
            FROM sqlite_master
            WHERE name='index_users_on_deleted_at' AND type='index'
            UNION ALL
            SELECT sql
            FROM sqlite_temp_master
            WHERE name='index_users_on_deleted_at' AND type='index'
[0m
  [1m[35m (0.1ms)[0m  [1m[34m            SELECT sql
            FROM sqlite_master
            WHERE name='index_users_on_reset_password_token' AND type='index'
            UNION ALL
            SELECT sql
            FROM sqlite_temp_master
            WHERE name='index_users_on_reset_password_token' AND type='index'
[0m
Started GET "/about" for 127.0.0.1 at 2019-02-18 19:38:39 +0900
  [1m[35m (0.2ms)[0m  [1m[34mSELECT "schema_migrations"."version" FROM "schema_migrations" ORDER BY "schema_migrations"."version" ASC[0m
Processing by PagesController#about as HTML
  Rendering pages/about.html.erb within layouts/application
  Rendered pages/about.html.erb within layouts/application (8492.7ms)
  Rendering pages/about.html.erb
  Rendered pages/about.html.erb (2.0ms)
  Rendered layouts/_footer.html.erb (1.0ms)
Completed 200 OK in 8857ms (Views: 8828.4ms | ActiveRecord: 0.0ms)


Started GET "/" for 127.0.0.1 at 2019-02-18 19:39:00 +0900
Processing by CategoriesController#index as HTML
  Rendering categories/index.html.erb within layouts/application
  [1m[36mCategory Load (0.4ms)[0m  [1m[34mSELECT "categories".* FROM "categories" ORDER BY created_at ASC[0m
  Rendered categories/index.html.erb within layouts/application (5.1ms)
  [1m[36mCategory Load (0.3ms)[0m  [1m[34mSELECT "categories".* FROM "categories"[0m
  Rendered layouts/_header.html.erb (13.3ms)
  Rendered layouts/_footer.html.erb (0.7ms)
Completed 200 OK in 109ms (Views: 95.9ms | ActiveRecord: 1.3ms)


  [1m[35m (0.9ms)[0m  [1m[34mSELECT "schema_migrations"."version" FROM "schema_migrations" ORDER BY "schema_migrations"."version" ASC[0m
  [1m[35m (0.1ms)[0m  [1m[36mbegin transaction[0m
  [1m[36mUser Exists (0.2ms)[0m  [1m[34mSELECT  1 AS one FROM "users" WHERE "users"."email" = ? AND "users"."deleted_at" IS NULL LIMIT ?[0m  [["email", "admin@com"], ["LIMIT", 1]]
  [1m[36mUser Exists (0.1ms)[0m  [1m[34mSELECT  1 AS one FROM "users" WHERE "users"."username" = ? AND "users"."deleted_at" IS NULL LIMIT ?[0m  [["username", "tester"], ["LIMIT", 1]]
  [1m[35mSQL (0.3ms)[0m  [1m[32mINSERT INTO "users" ("email", "encrypted_password", "created_at", "updated_at", "username", "admin") VALUES (?, ?, ?, ?, ?, ?)[0m  [["email", "admin@com"], ["encrypted_password", "$2a$11$4db49gyYO6y7syLmWTNOU.LIKeCcp6tv.ONbcVJMfal9HstMKf8DC"], ["created_at", "2019-02-18 10:39:11.190532"], ["updated_at", "2019-02-18 10:39:11.190532"], ["username", "tester"], ["admin", "t"]]
  [1m[35m (0.9ms)[0m  [1m[36mcommit transaction[0m
  [1m[35m (0.1ms)[0m  [1m[36mbegin transaction[0m
  [1m[36mUser Exists (0.2ms)[0m  [1m[34mSELECT  1 AS one FROM "users" WHERE "users"."email" = ? AND "users"."deleted_at" IS NULL LIMIT ?[0m  [["email", "test@com"], ["LIMIT", 1]]
  [1m[36mUser Exists (0.1ms)[0m  [1m[34mSELECT  1 AS one FROM "users" WHERE "users"."username" = ? AND "users"."deleted_at" IS NULL LIMIT ?[0m  [["username", "tester"], ["LIMIT", 1]]
  [1m[35m (0.1ms)[0m  [1m[31mrollback transaction[0m
  [1m[35m (0.1ms)[0m  [1m[36mbegin transaction[0m
  [1m[35mSQL (2.8ms)[0m  [1m[32mINSERT INTO "categories" ("name", "created_at", "updated_at", "blurb", "image") VALUES (?, ?, ?, ?, ?)[0m  [["name", "Pain Relief"], ["created_at", "2019-02-18 10:39:11.555359"], ["updated_at", "2019-02-18 10:39:11.555359"], ["blurb", "This is a pain relief blurb"], ["image", "pain-relief.jpg"]]
  [1m[35m (0.9ms)[0m  [1m[36mcommit transaction[0m
  [1m[35m (0.1ms)[0m  [1m[36mbegin transaction[0m
  [1m[35mSQL (2.2ms)[0m  [1m[32mINSERT INTO "categories" ("name", "created_at", "updated_at", "blurb", "image") VALUES (?, ?, ?, ?, ?)[0m  [["name", "Allergy"], ["created_at", "2019-02-18 10:39:11.690896"], ["updated_at", "2019-02-18 10:39:11.690896"], ["blurb", "allery blurb should be writte right"], ["image", "allergy.jpeg"]]
  [1m[35m (1.0ms)[0m  [1m[36mcommit transaction[0m
  [1m[35m (0.3ms)[0m  [1m[36mbegin transaction[0m
  [1m[35mSQL (0.9ms)[0m  [1m[32mINSERT INTO "categories" ("name", "created_at", "updated_at", "blurb", "image") VALUES (?, ?, ?, ?, ?)[0m  [["name", "Cold / Flu"], ["created_at", "2019-02-18 10:39:11.788582"], ["updated_at", "2019-02-18 10:39:11.788582"], ["blurb", "Flu spreads everywhere in Japan"], ["image", "cold_flu.jpg"]]
  [1m[35m (0.6ms)[0m  [1m[36mcommit transaction[0m
  [1m[35m (0.2ms)[0m  [1m[36mbegin transaction[0m
  [1m[35mSQL (0.3ms)[0m  [1m[32mINSERT INTO "categories" ("name", "created_at", "updated_at", "blurb", "image") VALUES (?, ?, ?, ?, ?)[0m  [["name", "Digestive/GI"], ["created_at", "2019-02-18 10:39:11.866602"], ["updated_at", "2019-02-18 10:39:11.866602"], ["blurb", "sometimes it is hard to consume"], ["image", "digestive.jpg"]]
  [1m[35m (0.6ms)[0m  [1m[36mcommit transaction[0m
  [1m[35m (0.1ms)[0m  [1m[36mbegin transaction[0m
  [1m[36mUser Load (0.3ms)[0m  [1m[34mSELECT  "users".* FROM "users" WHERE "users"."deleted_at" IS NULL AND "users"."id" = ? LIMIT ?[0m  [["id", 1], ["LIMIT", 1]]
  [1m[36mCategory Load (0.2ms)[0m  [1m[34mSELECT  "categories".* FROM "categories" WHERE "categories"."id" = ? LIMIT ?[0m  [["id", 2], ["LIMIT", 1]]
  [1m[35mSQL (0.3ms)[0m  [1m[32mINSERT INTO "posts" ("title", "created_at", "updated_at", "image", "user_id", "category_id", "active_regular") VALUES (?, ?, ?, ?, ?, ?, ?)[0m  [["title", "Sample med"], ["created_at", "2019-02-18 10:39:12.005361"], ["updated_at", "2019-02-18 10:39:12.005361"], ["image", "sample_med_01.jpg"], ["user_id", 1], ["category_id", 2], ["active_regular", "bespoke XOXO slow-carb selvage lumbersexual wayfarers jean shorts irony cardigan fingerstache kombucha."]]
  [1m[35m (0.6ms)[0m  [1m[36mcommit transaction[0m
  [1m[35m (0.1ms)[0m  [1m[36mbegin transaction[0m
  [1m[36mUser Load (0.3ms)[0m  [1m[34mSELECT  "users".* FROM "users" WHERE "users"."deleted_at" IS NULL AND "users"."id" = ? LIMIT ?[0m  [["id", 1], ["LIMIT", 1]]
  [1m[36mCategory Load (0.1ms)[0m  [1m[34mSELECT  "categories".* FROM "categories" WHERE "categories"."id" = ? LIMIT ?[0m  [["id", 1], ["LIMIT", 1]]
  [1m[35mSQL (0.7ms)[0m  [1m[32mINSERT INTO "posts" ("title", "created_at", "updated_at", "image", "user_id", "category_id", "active_regular") VALUES (?, ?, ?, ?, ?, ?, ?)[0m  [["title", "A + D Ointment"], ["created_at", "2019-02-18 10:39:12.089136"], ["updated_at", "2019-02-18 10:39:12.089136"], ["image", "sample_med_02.jpg"], ["user_id", 1], ["category_id", 1], ["active_regular", "Lorem ipsum dolor amet twee shabby chic succulents coloring book, hashtag beard chia authentic try-hard retro blog pork belly."]]
  [1m[35m (0.7ms)[0m  [1m[36mcommit transaction[0m
  [1m[35m (0.1ms)[0m  [1m[36mbegin transaction[0m
  [1m[36mUser Load (0.2ms)[0m  [1m[34mSELECT  "users".* FROM "users" WHERE "users"."deleted_at" IS NULL AND "users"."id" = ? LIMIT ?[0m  [["id", 2], ["LIMIT", 1]]
  [1m[36mCategory Load (0.1ms)[0m  [1m[34mSELECT  "categories".* FROM "categories" WHERE "categories"."id" = ? LIMIT ?[0m  [["id", 1], ["LIMIT", 1]]
  [1m[35m (0.1ms)[0m  [1m[31mrollback transaction[0m
  [1m[35m (0.1ms)[0m  [1m[36mbegin transaction[0m
  [1m[36mUser Load (0.1ms)[0m  [1m[34mSELECT  "users".* FROM "users" WHERE "users"."deleted_at" IS NULL AND "users"."id" = ? LIMIT ?[0m  [["id", 2], ["LIMIT", 1]]
  [1m[36mCategory Load (0.1ms)[0m  [1m[34mSELECT  "categories".* FROM "categories" WHERE "categories"."id" = ? LIMIT ?[0m  [["id", 3], ["LIMIT", 1]]
  [1m[35m (0.0ms)[0m  [1m[31mrollback transaction[0m
  [1m[35m (0.1ms)[0m  [1m[36mbegin transaction[0m
  [1m[36mUser Load (0.1ms)[0m  [1m[34mSELECT  "users".* FROM "users" WHERE "users"."deleted_at" IS NULL AND "users"."id" = ? LIMIT ?[0m  [["id", 1], ["LIMIT", 1]]
  [1m[36mCategory Load (0.0ms)[0m  [1m[34mSELECT  "categories".* FROM "categories" WHERE "categories"."id" = ? LIMIT ?[0m  [["id", 4], ["LIMIT", 1]]
  [1m[35mSQL (0.3ms)[0m  [1m[32mINSERT INTO "posts" ("title", "created_at", "updated_at", "image", "user_id", "category_id", "active_regular") VALUES (?, ?, ?, ?, ?, ?, ?)[0m  [["title", "Pressure Hypertension"], ["created_at", "2019-02-18 10:39:12.308117"], ["updated_at", "2019-02-18 10:39:12.308117"], ["image", "sample_med_05.jpg"], ["user_id", 1], ["category_id", 4], ["active_regular", "Wayfarers truffaut authentic mustache, edison bulb kickstarter semiotics hashtag humblebrag VHS mlkshk 3 wolf moon."]]
  [1m[35m (0.5ms)[0m  [1m[36mcommit transaction[0m
  [1m[35m (0.1ms)[0m  [1m[36mbegin transaction[0m
  [1m[36mUser Load (0.2ms)[0m  [1m[34mSELECT  "users".* FROM "users" WHERE "users"."deleted_at" IS NULL AND "users"."id" = ? LIMIT ?[0m  [["id", 1], ["LIMIT", 1]]
  [1m[36mCategory Load (0.2ms)[0m  [1m[34mSELECT  "categories".* FROM "categories" WHERE "categories"."id" = ? LIMIT ?[0m  [["id", 3], ["LIMIT", 1]]
  [1m[35mSQL (0.4ms)[0m  [1m[32mINSERT INTO "posts" ("title", "created_at", "updated_at", "image", "user_id", "category_id", "active_regular") VALUES (?, ?, ?, ?, ?, ?, ?)[0m  [["title", "Pressure Hypertension"], ["created_at", "2019-02-18 10:39:12.383813"], ["updated_at", "2019-02-18 10:39:12.383813"], ["image", "sample_med_06.jpg"], ["user_id", 1], ["category_id", 3], ["active_regular", "Wayfarers truffaut authentic mustache, edison bulb kickstarter semiotics hashtag humblebrag VHS mlkshk 3 wolf moon."]]
  [1m[35m (0.6ms)[0m  [1m[36mcommit transaction[0m
Started GET "/" for 127.0.0.1 at 2019-02-18 19:39:13 +0900
Processing by CategoriesController#index as HTML
  Rendering categories/index.html.erb within layouts/application
  [1m[36mCategory Load (0.2ms)[0m  [1m[34mSELECT "categories".* FROM "categories" ORDER BY created_at ASC[0m
  [1m[35m (0.2ms)[0m  [1m[34mSELECT COUNT(*) FROM "posts" WHERE "posts"."category_id" = ?[0m  [["category_id", 1]]
  [1m[35m (0.1ms)[0m  [1m[34mSELECT COUNT(*) FROM "posts" WHERE "posts"."category_id" = ?[0m  [["category_id", 2]]
  [1m[35m (0.1ms)[0m  [1m[34mSELECT COUNT(*) FROM "posts" WHERE "posts"."category_id" = ?[0m  [["category_id", 3]]
  [1m[35m (0.1ms)[0m  [1m[34mSELECT COUNT(*) FROM "posts" WHERE "posts"."category_id" = ?[0m  [["category_id", 4]]
  Rendered categories/index.html.erb within layouts/application (31.6ms)
  [1m[36mCategory Load (0.3ms)[0m  [1m[34mSELECT "categories".* FROM "categories"[0m
  Rendered layouts/_header.html.erb (11.8ms)
  Rendered layouts/_footer.html.erb (1.1ms)
Completed 200 OK in 168ms (Views: 162.6ms | ActiveRecord: 1.3ms)


Started GET "/categories/2" for 127.0.0.1 at 2019-02-18 19:39:17 +0900
Processing by CategoriesController#show as HTML
  Parameters: {"id"=>"2"}
  [1m[36mCategory Load (0.2ms)[0m  [1m[34mSELECT  "categories".* FROM "categories" WHERE "categories"."id" = ? LIMIT ?[0m  [["id", 2], ["LIMIT", 1]]
  Rendering categories/show.html.erb within layouts/application
  [1m[36mPost Load (0.4ms)[0m  [1m[34mSELECT  "posts".* FROM "posts" WHERE "posts"."category_id" = 2 LIMIT ? OFFSET ?[0m  [["LIMIT", 40], ["OFFSET", 0]]
  [1m[35m (0.1ms)[0m  [1m[34mSELECT COUNT(*) FROM "comments" WHERE "comments"."post_id" = ?[0m  [["post_id", 1]]
  Rendered categories/show.html.erb within layouts/application (40.4ms)
  [1m[36mCategory Load (0.2ms)[0m  [1m[34mSELECT "categories".* FROM "categories"[0m
  Rendered layouts/_header.html.erb (4.7ms)
  Rendered layouts/_footer.html.erb (0.5ms)
Completed 200 OK in 117ms (Views: 107.7ms | ActiveRecord: 2.0ms)


Started GET "/posts/1" for 127.0.0.1 at 2019-02-18 19:39:19 +0900
Processing by PostsController#show as HTML
  Parameters: {"id"=>"1"}
  [1m[36mPost Load (0.3ms)[0m  [1m[34mSELECT  "posts".* FROM "posts" WHERE "posts"."id" = ? LIMIT ?[0m  [["id", 1], ["LIMIT", 1]]
  [1m[36mCACHE Post Load (0.0ms)[0m  [1m[34mSELECT  "posts".* FROM "posts" WHERE "posts"."id" = ? LIMIT ?[0m  [["id", 1], ["LIMIT", 1]]
  Rendering posts/show.html.erb within layouts/application
  [1m[36mLike Load (0.2ms)[0m  [1m[34mSELECT  "likes".* FROM "likes" WHERE "likes"."post_id" = ? AND "likes"."user_id" IS NULL LIMIT ?[0m  [["post_id", 1], ["LIMIT", 1]]
  Rendered likes/_likes.html.erb (3.3ms)
  [1m[36mCategory Load (0.1ms)[0m  [1m[34mSELECT  "categories".* FROM "categories" WHERE "categories"."id" = ? LIMIT ?[0m  [["id", 2], ["LIMIT", 1]]
  [1m[36mExtraimg Load (0.1ms)[0m  [1m[34mSELECT "extraimgs".* FROM "extraimgs" WHERE "extraimgs"."post_id" = ?[0m  [["post_id", 1]]
  [1m[36mInfoimg Load (0.1ms)[0m  [1m[34mSELECT "infoimgs".* FROM "infoimgs" WHERE "infoimgs"."post_id" = ?[0m  [["post_id", 1]]
  [1m[36mComment Load (0.2ms)[0m  [1m[34mSELECT "comments".* FROM "comments" LEFT OUTER JOIN "votes" ON "votes"."comment_id" = "comments"."id" WHERE "comments"."post_id" = ? GROUP BY "comments"."id" ORDER BY count(votes.id) desc[0m  [["post_id", 1]]
  Rendered collection of templates [0 times] (0.0ms)
  Rendered comments/_form.html.erb (10.4ms)
  Rendered posts/show.html.erb within layouts/application (72.8ms)
  [1m[36mCategory Load (0.2ms)[0m  [1m[34mSELECT "categories".* FROM "categories"[0m
  Rendered layouts/_header.html.erb (4.4ms)
  Rendered layouts/_footer.html.erb (0.6ms)
Completed 200 OK in 148ms (Views: 137.4ms | ActiveRecord: 2.1ms)


Started GET "/" for 127.0.0.1 at 2019-02-18 19:39:23 +0900
Processing by CategoriesController#index as HTML
  Rendering categories/index.html.erb within layouts/application
  [1m[36mCategory Load (0.4ms)[0m  [1m[34mSELECT "categories".* FROM "categories" ORDER BY created_at ASC[0m
  [1m[35m (0.4ms)[0m  [1m[34mSELECT COUNT(*) FROM "posts" WHERE "posts"."category_id" = ?[0m  [["category_id", 1]]
  [1m[35m (0.3ms)[0m  [1m[34mSELECT COUNT(*) FROM "posts" WHERE "posts"."category_id" = ?[0m  [["category_id", 2]]
  [1m[35m (0.6ms)[0m  [1m[34mSELECT COUNT(*) FROM "posts" WHERE "posts"."category_id" = ?[0m  [["category_id", 3]]
  [1m[35m (1.2ms)[0m  [1m[34mSELECT COUNT(*) FROM "posts" WHERE "posts"."category_id" = ?[0m  [["category_id", 4]]
  Rendered categories/index.html.erb within layouts/application (38.4ms)
  [1m[36mCategory Load (0.2ms)[0m  [1m[34mSELECT "categories".* FROM "categories"[0m
  Rendered layouts/_header.html.erb (4.9ms)
  Rendered layouts/_footer.html.erb (0.6ms)
Completed 200 OK in 129ms (Views: 120.2ms | ActiveRecord: 3.0ms)


Started GET "/" for 127.0.0.1 at 2019-02-19 18:49:40 +0900
  [1m[35m (0.5ms)[0m  [1m[34mSELECT "schema_migrations"."version" FROM "schema_migrations" ORDER BY "schema_migrations"."version" ASC[0m
Processing by CategoriesController#index as HTML
  Rendering categories/index.html.erb within layouts/application
  [1m[36mCategory Load (0.5ms)[0m  [1m[34mSELECT "categories".* FROM "categories" ORDER BY created_at ASC[0m
  [1m[35m (0.4ms)[0m  [1m[34mSELECT COUNT(*) FROM "posts" WHERE "posts"."category_id" = ?[0m  [["category_id", 1]]
  [1m[35m (0.3ms)[0m  [1m[34mSELECT COUNT(*) FROM "posts" WHERE "posts"."category_id" = ?[0m  [["category_id", 2]]
  [1m[35m (0.1ms)[0m  [1m[34mSELECT COUNT(*) FROM "posts" WHERE "posts"."category_id" = ?[0m  [["category_id", 3]]
  [1m[35m (0.1ms)[0m  [1m[34mSELECT COUNT(*) FROM "posts" WHERE "posts"."category_id" = ?[0m  [["category_id", 4]]
  Rendered categories/index.html.erb within layouts/application (130.1ms)
  [1m[36mCategory Load (0.3ms)[0m  [1m[34mSELECT "categories".* FROM "categories"[0m
  Rendered layouts/_header.html.erb (18.2ms)
  Rendered layouts/_footer.html.erb (1.1ms)
Completed 200 OK in 798ms (Views: 752.6ms | ActiveRecord: 2.5ms)


Started GET "/" for 127.0.0.1 at 2019-02-19 18:49:58 +0900
Processing by CategoriesController#index as HTML
  Rendering categories/index.html.erb within layouts/application
  [1m[36mCategory Load (0.3ms)[0m  [1m[34mSELECT "categories".* FROM "categories" ORDER BY created_at ASC[0m
  [1m[35m (0.1ms)[0m  [1m[34mSELECT COUNT(*) FROM "posts" WHERE "posts"."category_id" = ?[0m  [["category_id", 1]]
  [1m[35m (0.1ms)[0m  [1m[34mSELECT COUNT(*) FROM "posts" WHERE "posts"."category_id" = ?[0m  [["category_id", 2]]
  [1m[35m (0.1ms)[0m  [1m[34mSELECT COUNT(*) FROM "posts" WHERE "posts"."category_id" = ?[0m  [["category_id", 3]]
  [1m[35m (0.1ms)[0m  [1m[34mSELECT COUNT(*) FROM "posts" WHERE "posts"."category_id" = ?[0m  [["category_id", 4]]
  Rendered categories/index.html.erb within layouts/application (5.9ms)
  [1m[36mCategory Load (0.3ms)[0m  [1m[34mSELECT "categories".* FROM "categories"[0m
  Rendered layouts/_header.html.erb (9.5ms)
  Rendered layouts/_footer.html.erb (1.1ms)
Completed 200 OK in 99ms (Views: 94.5ms | ActiveRecord: 1.0ms)


Started GET "/" for 127.0.0.1 at 2019-02-19 18:50:15 +0900
  [1m[35m (1.3ms)[0m  [1m[34mSELECT "schema_migrations"."version" FROM "schema_migrations" ORDER BY "schema_migrations"."version" ASC[0m
Processing by CategoriesController#index as HTML
  Rendering categories/index.html.erb within layouts/application
  [1m[36mCategory Load (0.3ms)[0m  [1m[34mSELECT "categories".* FROM "categories" ORDER BY created_at ASC[0m
  [1m[35m (0.2ms)[0m  [1m[34mSELECT COUNT(*) FROM "posts" WHERE "posts"."category_id" = ?[0m  [["category_id", 1]]
  [1m[35m (0.2ms)[0m  [1m[34mSELECT COUNT(*) FROM "posts" WHERE "posts"."category_id" = ?[0m  [["category_id", 2]]
  [1m[35m (0.1ms)[0m  [1m[34mSELECT COUNT(*) FROM "posts" WHERE "posts"."category_id" = ?[0m  [["category_id", 3]]
  [1m[35m (0.1ms)[0m  [1m[34mSELECT COUNT(*) FROM "posts" WHERE "posts"."category_id" = ?[0m  [["category_id", 4]]
  Rendered categories/index.html.erb within layouts/application (102.9ms)
  [1m[36mCategory Load (0.3ms)[0m  [1m[34mSELECT "categories".* FROM "categories"[0m
  Rendered layouts/_header.html.erb (14.2ms)
  Rendered layouts/_footer.html.erb (1.1ms)
Completed 200 OK in 585ms (Views: 526.1ms | ActiveRecord: 2.2ms)


Started GET "/" for 127.0.0.1 at 2019-02-19 18:50:29 +0900
Processing by CategoriesController#index as HTML
  Rendering categories/index.html.erb within layouts/application
  [1m[36mCategory Load (0.4ms)[0m  [1m[34mSELECT "categories".* FROM "categories" ORDER BY created_at ASC[0m
  [1m[35m (0.2ms)[0m  [1m[34mSELECT COUNT(*) FROM "posts" WHERE "posts"."category_id" = ?[0m  [["category_id", 1]]
  [1m[35m (0.5ms)[0m  [1m[34mSELECT COUNT(*) FROM "posts" WHERE "posts"."category_id" = ?[0m  [["category_id", 2]]
  [1m[35m (0.2ms)[0m  [1m[34mSELECT COUNT(*) FROM "posts" WHERE "posts"."category_id" = ?[0m  [["category_id", 3]]
  [1m[35m (0.5ms)[0m  [1m[34mSELECT COUNT(*) FROM "posts" WHERE "posts"."category_id" = ?[0m  [["category_id", 4]]
  Rendered categories/index.html.erb within layouts/application (16.3ms)
  [1m[36mCategory Load (0.6ms)[0m  [1m[34mSELECT "categories".* FROM "categories"[0m
  Rendered layouts/_header.html.erb (11.1ms)
  Rendered layouts/_footer.html.erb (1.2ms)
Completed 200 OK in 117ms (Views: 107.7ms | ActiveRecord: 2.4ms)


Started GET "/" for 127.0.0.1 at 2019-02-19 19:48:21 +0900
  [1m[35m (0.2ms)[0m  [1m[34mSELECT "schema_migrations"."version" FROM "schema_migrations" ORDER BY "schema_migrations"."version" ASC[0m
Processing by CategoriesController#index as HTML
  Rendering categories/index.html.erb within layouts/application
  [1m[36mUser Load (0.4ms)[0m  [1m[34mSELECT  "users".* FROM "users" WHERE "users"."deleted_at" IS NULL AND "users"."id" = ? ORDER BY "users"."id" ASC LIMIT ?[0m  [["id", 1], ["LIMIT", 1]]
  [1m[36mCategory Load (0.2ms)[0m  [1m[34mSELECT "categories".* FROM "categories" ORDER BY created_at ASC[0m
  [1m[35m (0.1ms)[0m  [1m[34mSELECT COUNT(*) FROM "posts" WHERE "posts"."category_id" = ?[0m  [["category_id", 1]]
  [1m[35m (0.1ms)[0m  [1m[34mSELECT COUNT(*) FROM "posts" WHERE "posts"."category_id" = ?[0m  [["category_id", 2]]
  [1m[35m (0.1ms)[0m  [1m[34mSELECT COUNT(*) FROM "posts" WHERE "posts"."category_id" = ?[0m  [["category_id", 3]]
  [1m[35m (0.1ms)[0m  [1m[34mSELECT COUNT(*) FROM "posts" WHERE "posts"."category_id" = ?[0m  [["category_id", 4]]
  Rendered categories/index.html.erb within layouts/application (120.5ms)
  [1m[36mCategory Load (0.2ms)[0m  [1m[34mSELECT "categories".* FROM "categories"[0m
  Rendered layouts/_header.html.erb (13.5ms)
  Rendered layouts/_footer.html.erb (1.4ms)
Completed 200 OK in 639ms (Views: 604.1ms | ActiveRecord: 2.8ms)


Started GET "/users/sign_in" for 127.0.0.1 at 2019-02-19 19:48:35 +0900
Processing by Users::SessionsController#new as HTML
  Rendering users/sessions/new.html.erb within layouts/application
  Rendered devise/shared/_links.html.erb (1.7ms)
  Rendered users/sessions/new.html.erb within layouts/application (39.3ms)
  [1m[36mCategory Load (1.3ms)[0m  [1m[34mSELECT "categories".* FROM "categories"[0m
  Rendered layouts/_header.html.erb (12.7ms)
  Rendered layouts/_footer.html.erb (0.9ms)
Completed 200 OK in 174ms (Views: 166.3ms | ActiveRecord: 1.3ms)


Started POST "/users/sign_in" for 127.0.0.1 at 2019-02-19 19:48:40 +0900
Processing by Users::SessionsController#create as HTML
  Parameters: {"utf8"=>"✓", "authenticity_token"=>"LmRgd8pFsuW2yDK/7yIny6a7r0LwC0qxnj0HpTvWOc6MU0GcTg/ZGdi8bzwVO60BK8yVY5d9SxWDZpF7yFSTpQ==", "user"=>{"email"=>"admin@example.com", "password"=>"[FILTERED]", "remember_me"=>"0"}, "button"=>""}
  [1m[36mUser Load (0.5ms)[0m  [1m[34mSELECT  "users".* FROM "users" WHERE "users"."deleted_at" IS NULL AND "users"."email" = ? ORDER BY "users"."id" ASC LIMIT ?[0m  [["email", "admin@example.com"], ["LIMIT", 1]]
Completed 401 Unauthorized in 5ms (ActiveRecord: 0.5ms)


Processing by Users::SessionsController#new as HTML
  Parameters: {"utf8"=>"✓", "authenticity_token"=>"LmRgd8pFsuW2yDK/7yIny6a7r0LwC0qxnj0HpTvWOc6MU0GcTg/ZGdi8bzwVO60BK8yVY5d9SxWDZpF7yFSTpQ==", "user"=>{"email"=>"admin@example.com", "password"=>"[FILTERED]", "remember_me"=>"0"}, "button"=>""}
  Rendering users/sessions/new.html.erb within layouts/application
  Rendered devise/shared/_links.html.erb (4.7ms)
  Rendered users/sessions/new.html.erb within layouts/application (9.2ms)
  [1m[36mCategory Load (0.3ms)[0m  [1m[34mSELECT "categories".* FROM "categories"[0m
  Rendered layouts/_header.html.erb (9.4ms)
  Rendered layouts/_footer.html.erb (0.9ms)
Completed 200 OK in 345ms (Views: 169.6ms | ActiveRecord: 0.3ms)


  [1m[36mCategory Load (0.3ms)[0m  [1m[34mSELECT "categories".* FROM "categories"[0m
Started POST "/users/sign_in" for 127.0.0.1 at 2019-02-19 19:49:22 +0900
Processing by Users::SessionsController#create as HTML
  Parameters: {"utf8"=>"✓", "authenticity_token"=>"N8ouGIUDdmgdEe/HzsKtpvFCWC2mPnVE1yIm6dWJIyw0SgCXW0JTgwWNiWFCK0FoVHa0DMk6Jz0/6KW/5ecYhQ==", "user"=>{"email"=>"admin@sample.com", "password"=>"[FILTERED]", "remember_me"=>"0"}, "button"=>""}
  [1m[36mUser Load (0.4ms)[0m  [1m[34mSELECT  "users".* FROM "users" WHERE "users"."deleted_at" IS NULL AND "users"."email" = ? ORDER BY "users"."id" ASC LIMIT ?[0m  [["email", "admin@sample.com"], ["LIMIT", 1]]
Completed 401 Unauthorized in 4ms (ActiveRecord: 0.4ms)


Processing by Users::SessionsController#new as HTML
  Parameters: {"utf8"=>"✓", "authenticity_token"=>"N8ouGIUDdmgdEe/HzsKtpvFCWC2mPnVE1yIm6dWJIyw0SgCXW0JTgwWNiWFCK0FoVHa0DMk6Jz0/6KW/5ecYhQ==", "user"=>{"email"=>"admin@sample.com", "password"=>"[FILTERED]", "remember_me"=>"0"}, "button"=>""}
  Rendering users/sessions/new.html.erb within layouts/application
  Rendered devise/shared/_links.html.erb (0.9ms)
  Rendered users/sessions/new.html.erb within layouts/application (4.4ms)
  [1m[36mCategory Load (0.2ms)[0m  [1m[34mSELECT "categories".* FROM "categories"[0m
  Rendered layouts/_header.html.erb (10.7ms)
  Rendered layouts/_footer.html.erb (1.3ms)
Completed 200 OK in 266ms (Views: 128.7ms | ActiveRecord: 0.2ms)


Started POST "/users/sign_in" for 127.0.0.1 at 2019-02-19 19:49:28 +0900
Processing by Users::SessionsController#create as HTML
  Parameters: {"utf8"=>"✓", "authenticity_token"=>"0r/JRdsfPEep7Xq5eMASvUG+czCkm4mIUxunt0ARtYjRP+fKBV4ZrLFxHB/0Kf5z5IqfEcuf2/G70SThcH+OIQ==", "user"=>{"email"=>"admin@sample.com", "password"=>"[FILTERED]", "remember_me"=>"0"}, "button"=>""}
  [1m[36mUser Load (0.7ms)[0m  [1m[34mSELECT  "users".* FROM "users" WHERE "users"."deleted_at" IS NULL AND "users"."email" = ? ORDER BY "users"."id" ASC LIMIT ?[0m  [["email", "admin@sample.com"], ["LIMIT", 1]]
Completed 401 Unauthorized in 4ms (ActiveRecord: 0.7ms)


Processing by Users::SessionsController#new as HTML
  Parameters: {"utf8"=>"✓", "authenticity_token"=>"0r/JRdsfPEep7Xq5eMASvUG+czCkm4mIUxunt0ARtYjRP+fKBV4ZrLFxHB/0Kf5z5IqfEcuf2/G70SThcH+OIQ==", "user"=>{"email"=>"admin@sample.com", "password"=>"[FILTERED]", "remember_me"=>"0"}, "button"=>""}
  Rendering users/sessions/new.html.erb within layouts/application
  Rendered devise/shared/_links.html.erb (1.9ms)
  Rendered users/sessions/new.html.erb within layouts/application (9.6ms)
  [1m[36mCategory Load (0.3ms)[0m  [1m[34mSELECT "categories".* FROM "categories"[0m
  Rendered layouts/_header.html.erb (15.1ms)
  Rendered layouts/_footer.html.erb (1.0ms)
Completed 200 OK in 298ms (Views: 152.0ms | ActiveRecord: 0.3ms)


  [1m[36mUser Load (0.3ms)[0m  [1m[34mSELECT "users".* FROM "users" WHERE "users"."deleted_at" IS NULL[0m
  [1m[36mUser Load (0.3ms)[0m  [1m[34mSELECT  "users".* FROM "users" WHERE "users"."deleted_at" IS NULL ORDER BY "users"."id" ASC LIMIT ?[0m  [["LIMIT", 1]]
  [1m[35m (0.1ms)[0m  [1m[36mbegin transaction[0m
  [1m[36mUser Exists (0.3ms)[0m  [1m[34mSELECT  1 AS one FROM "users" WHERE "users"."email" = ? AND "users"."deleted_at" IS NULL AND ("users"."id" != ?) LIMIT ?[0m  [["email", "admin@example.com"], ["id", 1], ["LIMIT", 1]]
  [1m[36mUser Exists (0.1ms)[0m  [1m[34mSELECT  1 AS one FROM "users" WHERE "users"."username" = ? AND "users"."deleted_at" IS NULL AND ("users"."id" != ?) LIMIT ?[0m  [["username", "tester"], ["id", 1], ["LIMIT", 1]]
  [1m[35mSQL (1.1ms)[0m  [1m[33mUPDATE "users" SET "email" = ?, "updated_at" = ? WHERE "users"."id" = ?[0m  [["email", "admin@example.com"], ["updated_at", "2019-02-19 10:50:27.297722"], ["id", 1]]
  [1m[35m (0.7ms)[0m  [1m[36mcommit transaction[0m
Started POST "/users/sign_in" for 127.0.0.1 at 2019-02-19 19:50:31 +0900
Processing by Users::SessionsController#create as HTML
  Parameters: {"utf8"=>"✓", "authenticity_token"=>"cwblES4K6ZYGyXNKDsIgGoyShHQWTMc5xvk77XxHgDFwhsue8EvMfR5VFeyCK8zUKaZoVXlIlUAuM7i7TCm7mA==", "user"=>{"email"=>"admin@example.com", "password"=>"[FILTERED]", "remember_me"=>"0"}, "button"=>""}
  [1m[36mUser Load (0.5ms)[0m  [1m[34mSELECT  "users".* FROM "users" WHERE "users"."deleted_at" IS NULL AND "users"."email" = ? ORDER BY "users"."id" ASC LIMIT ?[0m  [["email", "admin@example.com"], ["LIMIT", 1]]
Redirected to http://localhost:3000/
Completed 302 Found in 174ms (ActiveRecord: 0.5ms)


Started GET "/" for 127.0.0.1 at 2019-02-19 19:50:32 +0900
Processing by CategoriesController#index as HTML
  Rendering categories/index.html.erb within layouts/application
  [1m[36mUser Load (0.5ms)[0m  [1m[34mSELECT  "users".* FROM "users" WHERE "users"."deleted_at" IS NULL AND "users"."id" = ? ORDER BY "users"."id" ASC LIMIT ?[0m  [["id", 1], ["LIMIT", 1]]
  [1m[36mCategory Load (0.2ms)[0m  [1m[34mSELECT "categories".* FROM "categories" ORDER BY created_at ASC[0m
  [1m[35m (0.1ms)[0m  [1m[34mSELECT COUNT(*) FROM "posts" WHERE "posts"."category_id" = ?[0m  [["category_id", 1]]
  [1m[35m (0.1ms)[0m  [1m[34mSELECT COUNT(*) FROM "posts" WHERE "posts"."category_id" = ?[0m  [["category_id", 2]]
  [1m[35m (0.1ms)[0m  [1m[34mSELECT COUNT(*) FROM "posts" WHERE "posts"."category_id" = ?[0m  [["category_id", 3]]
  [1m[35m (0.7ms)[0m  [1m[34mSELECT COUNT(*) FROM "posts" WHERE "posts"."category_id" = ?[0m  [["category_id", 4]]
  Rendered categories/index.html.erb within layouts/application (12.5ms)
  [1m[36mCategory Load (0.4ms)[0m  [1m[34mSELECT "categories".* FROM "categories"[0m
  Rendered layouts/_header.html.erb (13.0ms)
  Rendered layouts/_footer.html.erb (1.1ms)
Completed 200 OK in 166ms (Views: 161.1ms | ActiveRecord: 1.9ms)


Started GET "/categories/new" for 127.0.0.1 at 2019-02-19 19:50:38 +0900
Processing by CategoriesController#new as HTML
  [1m[36mUser Load (0.3ms)[0m  [1m[34mSELECT  "users".* FROM "users" WHERE "users"."deleted_at" IS NULL AND "users"."id" = ? ORDER BY "users"."id" ASC LIMIT ?[0m  [["id", 1], ["LIMIT", 1]]
  Rendering categories/new.html.erb within layouts/application
  Rendered categories/_form.html.erb (14.4ms)
  Rendered categories/new.html.erb within layouts/application (17.8ms)
  [1m[36mCategory Load (0.5ms)[0m  [1m[34mSELECT "categories".* FROM "categories"[0m
  Rendered layouts/_header.html.erb (12.2ms)
  Rendered layouts/_footer.html.erb (1.3ms)
Completed 200 OK in 196ms (Views: 185.1ms | ActiveRecord: 0.8ms)


Started GET "/categories/new" for 127.0.0.1 at 2019-02-19 19:51:19 +0900
Processing by CategoriesController#new as HTML
  [1m[36mUser Load (0.3ms)[0m  [1m[34mSELECT  "users".* FROM "users" WHERE "users"."deleted_at" IS NULL AND "users"."id" = ? ORDER BY "users"."id" ASC LIMIT ?[0m  [["id", 1], ["LIMIT", 1]]
  Rendering categories/new.html.erb within layouts/application
  Rendered categories/_form.html.erb (4.4ms)
  Rendered categories/new.html.erb within layouts/application (7.7ms)
  [1m[36mCategory Load (0.3ms)[0m  [1m[34mSELECT "categories".* FROM "categories"[0m
  Rendered layouts/_header.html.erb (11.9ms)
  Rendered layouts/_footer.html.erb (1.0ms)
Completed 200 OK in 123ms (Views: 114.6ms | ActiveRecord: 0.6ms)


Started GET "/categories/new" for 127.0.0.1 at 2019-02-19 19:51:26 +0900
Processing by CategoriesController#new as HTML
  [1m[36mUser Load (0.2ms)[0m  [1m[34mSELECT  "users".* FROM "users" WHERE "users"."deleted_at" IS NULL AND "users"."id" = ? ORDER BY "users"."id" ASC LIMIT ?[0m  [["id", 1], ["LIMIT", 1]]
  Rendering categories/new.html.erb within layouts/application
  Rendered categories/_form.html.erb (5.2ms)
  Rendered categories/new.html.erb within layouts/application (7.5ms)
  [1m[36mCategory Load (0.3ms)[0m  [1m[34mSELECT "categories".* FROM "categories"[0m
  Rendered layouts/_header.html.erb (12.2ms)
  Rendered layouts/_footer.html.erb (1.5ms)
Completed 200 OK in 134ms (Views: 128.8ms | ActiveRecord: 0.6ms)


Started GET "/categories/new" for 127.0.0.1 at 2019-02-19 19:51:36 +0900
Processing by CategoriesController#new as HTML
  [1m[36mUser Load (0.9ms)[0m  [1m[34mSELECT  "users".* FROM "users" WHERE "users"."deleted_at" IS NULL AND "users"."id" = ? ORDER BY "users"."id" ASC LIMIT ?[0m  [["id", 1], ["LIMIT", 1]]
  Rendering categories/new.html.erb within layouts/application
  Rendered categories/_form.html.erb (13.3ms)
  Rendered categories/new.html.erb within layouts/application (18.8ms)
  [1m[36mCategory Load (0.2ms)[0m  [1m[34mSELECT "categories".* FROM "categories"[0m
  Rendered layouts/_header.html.erb (10.0ms)
  Rendered layouts/_footer.html.erb (0.9ms)
Completed 200 OK in 149ms (Views: 141.1ms | ActiveRecord: 1.1ms)


Started GET "/categories/new" for 127.0.0.1 at 2019-02-19 19:51:51 +0900
Processing by CategoriesController#new as HTML
  [1m[36mUser Load (0.3ms)[0m  [1m[34mSELECT  "users".* FROM "users" WHERE "users"."deleted_at" IS NULL AND "users"."id" = ? ORDER BY "users"."id" ASC LIMIT ?[0m  [["id", 1], ["LIMIT", 1]]
  Rendering categories/new.html.erb within layouts/application
  Rendered categories/_form.html.erb (9.9ms)
  Rendered categories/new.html.erb within layouts/application (13.7ms)
  [1m[36mCategory Load (0.3ms)[0m  [1m[34mSELECT "categories".* FROM "categories"[0m
  Rendered layouts/_header.html.erb (9.9ms)
  Rendered layouts/_footer.html.erb (2.4ms)
Completed 200 OK in 139ms (Views: 133.5ms | ActiveRecord: 0.5ms)


Started GET "/categories/new" for 127.0.0.1 at 2019-02-19 19:51:59 +0900
Processing by CategoriesController#new as HTML
  [1m[36mUser Load (0.5ms)[0m  [1m[34mSELECT  "users".* FROM "users" WHERE "users"."deleted_at" IS NULL AND "users"."id" = ? ORDER BY "users"."id" ASC LIMIT ?[0m  [["id", 1], ["LIMIT", 1]]
  Rendering categories/new.html.erb within layouts/application
  Rendered categories/_form.html.erb (35.3ms)
  Rendered categories/new.html.erb within layouts/application (39.3ms)
  [1m[36mCategory Load (0.9ms)[0m  [1m[34mSELECT "categories".* FROM "categories"[0m
  Rendered layouts/_header.html.erb (16.3ms)
  Rendered layouts/_footer.html.erb (2.2ms)
Completed 200 OK in 169ms (Views: 163.6ms | ActiveRecord: 1.3ms)


Started GET "/posts/new" for 127.0.0.1 at 2019-02-19 19:52:05 +0900
Processing by PostsController#new as HTML
  [1m[36mUser Load (0.2ms)[0m  [1m[34mSELECT  "users".* FROM "users" WHERE "users"."deleted_at" IS NULL AND "users"."id" = ? ORDER BY "users"."id" ASC LIMIT ?[0m  [["id", 1], ["LIMIT", 1]]
  [1m[36mCategory Load (0.2ms)[0m  [1m[34mSELECT "categories".* FROM "categories"[0m
  Rendering posts/new.html.erb within layouts/application
  Rendered posts/_form.html.erb (10.6ms)
  Rendered posts/new.html.erb within layouts/application (13.1ms)
  [1m[36mCACHE Category Load (0.0ms)[0m  [1m[34mSELECT "categories".* FROM "categories"[0m
  Rendered layouts/_header.html.erb (9.1ms)
  Rendered layouts/_footer.html.erb (0.8ms)
Completed 200 OK in 142ms (Views: 80.0ms | ActiveRecord: 1.5ms)


